c:\users\roboi\onedrive\área de trabalho\toin ssl\rrtcpp\ssl_rrt\rrt\release\rrt.pch
c:\users\roboi\onedrive\área de trabalho\toin ssl\rrtcpp\ssl_rrt\rrt\release\vc142.pdb
c:\users\roboi\onedrive\área de trabalho\toin ssl\rrtcpp\ssl_rrt\rrt\release\pch.obj
c:\users\roboi\onedrive\área de trabalho\toin ssl\rrtcpp\ssl_rrt\rrt\release\tree.obj
c:\users\roboi\onedrive\área de trabalho\toin ssl\rrtcpp\ssl_rrt\rrt\release\environment.obj
c:\users\roboi\onedrive\área de trabalho\toin ssl\rrtcpp\ssl_rrt\rrt\release\dllmain.obj
c:\users\roboi\onedrive\área de trabalho\toin ssl\rrtcpp\ssl_rrt\release\rrt.dll
c:\users\roboi\onedrive\área de trabalho\toin ssl\rrtcpp\ssl_rrt\release\rrt.pdb
c:\users\roboi\onedrive\área de trabalho\toin ssl\rrtcpp\ssl_rrt\release\rrt.lib
c:\users\roboi\onedrive\área de trabalho\toin ssl\rrtcpp\ssl_rrt\release\rrt.exp
c:\users\roboi\onedrive\área de trabalho\toin ssl\rrtcpp\ssl_rrt\release\rrt.ipdb
c:\users\roboi\onedrive\área de trabalho\toin ssl\rrtcpp\ssl_rrt\release\rrt.iobj
c:\users\roboi\onedrive\área de trabalho\toin ssl\rrtcpp\ssl_rrt\release\lz4.dll
c:\users\roboi\onedrive\área de trabalho\toin ssl\rrtcpp\ssl_rrt\rrt\release\rrt.tlog\cl.command.1.tlog
c:\users\roboi\onedrive\área de trabalho\toin ssl\rrtcpp\ssl_rrt\rrt\release\rrt.tlog\cl.read.1.tlog
c:\users\roboi\onedrive\área de trabalho\toin ssl\rrtcpp\ssl_rrt\rrt\release\rrt.tlog\cl.write.1.tlog
c:\users\roboi\onedrive\área de trabalho\toin ssl\rrtcpp\ssl_rrt\rrt\release\rrt.tlog\link.command.1.tlog
c:\users\roboi\onedrive\área de trabalho\toin ssl\rrtcpp\ssl_rrt\rrt\release\rrt.tlog\link.read.1.tlog
c:\users\roboi\onedrive\área de trabalho\toin ssl\rrtcpp\ssl_rrt\rrt\release\rrt.tlog\link.write.1.tlog
c:\users\roboi\onedrive\área de trabalho\toin ssl\rrtcpp\ssl_rrt\rrt\release\rrt.tlog\rrt.write.1u.tlog
