c:\users\anton\desktop\roboime\rrt-dll(cpp)\ssl_rrt\rrt\x64\release\rrt.pch
c:\users\anton\desktop\roboime\rrt-dll(cpp)\ssl_rrt\rrt\x64\release\vc142.pdb
c:\users\anton\desktop\roboime\rrt-dll(cpp)\ssl_rrt\rrt\x64\release\pch.obj
c:\users\anton\desktop\roboime\rrt-dll(cpp)\ssl_rrt\rrt\x64\release\tree.obj
c:\users\anton\desktop\roboime\rrt-dll(cpp)\ssl_rrt\rrt\x64\release\environment.obj
c:\users\anton\desktop\roboime\rrt-dll(cpp)\ssl_rrt\rrt\x64\release\dllmain.obj
c:\users\anton\desktop\roboime\rrt-dll(cpp)\ssl_rrt\x64\release\rrt.dll
c:\users\anton\desktop\roboime\rrt-dll(cpp)\ssl_rrt\x64\release\rrt.pdb
c:\users\anton\desktop\roboime\rrt-dll(cpp)\ssl_rrt\x64\release\rrt.lib
c:\users\anton\desktop\roboime\rrt-dll(cpp)\ssl_rrt\x64\release\rrt.exp
c:\users\anton\desktop\roboime\rrt-dll(cpp)\ssl_rrt\x64\release\rrt.ipdb
c:\users\anton\desktop\roboime\rrt-dll(cpp)\ssl_rrt\x64\release\rrt.iobj
c:\users\anton\desktop\roboime\rrt-dll(cpp)\ssl_rrt\rrt\x64\release\vcpkg.applocal.log
c:\users\anton\desktop\roboime\rrt-dll(cpp)\ssl_rrt\x64\release\lz4.dll
c:\users\anton\desktop\roboime\rrt-dll(cpp)\ssl_rrt\rrt\x64\release\rrt.tlog\cl.command.1.tlog
c:\users\anton\desktop\roboime\rrt-dll(cpp)\ssl_rrt\rrt\x64\release\rrt.tlog\cl.read.1.tlog
c:\users\anton\desktop\roboime\rrt-dll(cpp)\ssl_rrt\rrt\x64\release\rrt.tlog\cl.write.1.tlog
c:\users\anton\desktop\roboime\rrt-dll(cpp)\ssl_rrt\rrt\x64\release\rrt.tlog\link.command.1.tlog
c:\users\anton\desktop\roboime\rrt-dll(cpp)\ssl_rrt\rrt\x64\release\rrt.tlog\link.read.1.tlog
c:\users\anton\desktop\roboime\rrt-dll(cpp)\ssl_rrt\rrt\x64\release\rrt.tlog\link.write.1.tlog
c:\users\anton\desktop\roboime\rrt-dll(cpp)\ssl_rrt\rrt\x64\release\rrt.tlog\rrt.write.1u.tlog
