c:\users\anton\source\repos\rrt\rrt\x64\debug\rrt.pch
c:\users\anton\source\repos\rrt\rrt\x64\debug\vc142.pdb
c:\users\anton\source\repos\rrt\rrt\x64\debug\vc142.idb
c:\users\anton\source\repos\rrt\rrt\x64\debug\pch.obj
c:\users\anton\source\repos\rrt\rrt\x64\debug\tree.obj
c:\users\anton\source\repos\rrt\rrt\x64\debug\environment.obj
c:\users\anton\source\repos\rrt\rrt\x64\debug\dllmain.obj
c:\users\anton\source\repos\rrt\x64\debug\rrt.dll
c:\users\anton\source\repos\rrt\x64\debug\rrt.ilk
c:\users\anton\source\repos\rrt\x64\debug\rrt.pdb
c:\users\anton\source\repos\rrt\x64\debug\rrt.lib
c:\users\anton\source\repos\rrt\x64\debug\rrt.exp
c:\users\anton\source\repos\rrt\rrt\x64\debug\vcpkg.applocal.log
c:\users\anton\source\repos\rrt\x64\debug\lz4d.dll
c:\users\anton\desktop\roboime\rrt-dll(cpp)\ssl_rrt\rrt\x64\debug\dllmain.obj.enc
c:\users\anton\desktop\roboime\rrt-dll(cpp)\ssl_rrt\rrt\x64\debug\vc142.idb
c:\users\anton\desktop\roboime\rrt-dll(cpp)\ssl_rrt\rrt\x64\debug\vc142.pdb
c:\users\anton\desktop\roboime\rrt-dll(cpp)\ssl_rrt\x64\debug\rrt.pdb
c:\users\anton\desktop\roboime\rrt-dll(cpp)\ssl_rrt\x64\debug\rrt.ilk
c:\users\anton\desktop\roboime\rrt-dll(cpp)\ssl_rrt\rrt\x64\debug\rrt.tlog\cl.command.1.tlog
c:\users\anton\desktop\roboime\rrt-dll(cpp)\ssl_rrt\rrt\x64\debug\rrt.tlog\cl.read.1.tlog
c:\users\anton\desktop\roboime\rrt-dll(cpp)\ssl_rrt\rrt\x64\debug\rrt.tlog\cl.write.1.tlog
c:\users\anton\desktop\roboime\rrt-dll(cpp)\ssl_rrt\rrt\x64\debug\rrt.tlog\link.command.1.tlog
c:\users\anton\desktop\roboime\rrt-dll(cpp)\ssl_rrt\rrt\x64\debug\rrt.tlog\link.read.1.tlog
c:\users\anton\desktop\roboime\rrt-dll(cpp)\ssl_rrt\rrt\x64\debug\rrt.tlog\link.write.1.tlog
c:\users\anton\desktop\roboime\rrt-dll(cpp)\ssl_rrt\rrt\x64\debug\rrt.tlog\rrt.write.1u.tlog
